cc1: warnings being treated as errors
drivers/cpufreq/cpufreq_ondemand.c:249: error: data definition has no type or storage class
drivers/cpufreq/cpufreq_ondemand.c:249: error: type defaults to 'int' in declaration of 'define_one_global_ro'
drivers/cpufreq/cpufreq_ondemand.c:249: error: parameter names (without types) in function declaration
drivers/cpufreq/cpufreq_ondemand.c:250: error: data definition has no type or storage class
drivers/cpufreq/cpufreq_ondemand.c:250: error: type defaults to 'int' in declaration of 'define_one_global_ro'
drivers/cpufreq/cpufreq_ondemand.c:250: error: parameter names (without types) in function declaration
drivers/cpufreq/cpufreq_ondemand.c:286: error: data definition has no type or storage class
drivers/cpufreq/cpufreq_ondemand.c:286: error: type defaults to 'int' in declaration of 'cpufreq_freq_attr_ro_old'
drivers/cpufreq/cpufreq_ondemand.c:286: error: parameter names (without types) in function declaration
drivers/cpufreq/cpufreq_ondemand.c:287: error: data definition has no type or storage class
drivers/cpufreq/cpufreq_ondemand.c:287: error: type defaults to 'int' in declaration of 'cpufreq_freq_attr_ro_old'
drivers/cpufreq/cpufreq_ondemand.c:287: error: parameter names (without types) in function declaration
drivers/cpufreq/cpufreq_ondemand.c:401: error: data definition has no type or storage class
drivers/cpufreq/cpufreq_ondemand.c:401: error: type defaults to 'int' in declaration of 'define_one_global_rw'
drivers/cpufreq/cpufreq_ondemand.c:401: error: parameter names (without types) in function declaration
drivers/cpufreq/cpufreq_ondemand.c:402: error: data definition has no type or storage class
drivers/cpufreq/cpufreq_ondemand.c:402: error: type defaults to 'int' in declaration of 'define_one_global_rw'
drivers/cpufreq/cpufreq_ondemand.c:402: error: parameter names (without types) in function declaration
drivers/cpufreq/cpufreq_ondemand.c:403: error: data definition has no type or storage class
drivers/cpufreq/cpufreq_ondemand.c:403: error: type defaults to 'int' in declaration of 'define_one_global_rw'
drivers/cpufreq/cpufreq_ondemand.c:403: error: parameter names (without types) in function declaration
drivers/cpufreq/cpufreq_ondemand.c:404: error: data definition has no type or storage class
drivers/cpufreq/cpufreq_ondemand.c:404: error: type defaults to 'int' in declaration of 'define_one_global_rw'
drivers/cpufreq/cpufreq_ondemand.c:404: error: parameter names (without types) in function declaration
drivers/cpufreq/cpufreq_ondemand.c:405: error: data definition has no type or storage class
drivers/cpufreq/cpufreq_ondemand.c:405: error: type defaults to 'int' in declaration of 'define_one_global_rw'
drivers/cpufreq/cpufreq_ondemand.c:405: error: parameter names (without types) in function declaration
drivers/cpufreq/cpufreq_ondemand.c:408: error: 'sampling_rate_max' undeclared here (not in a function)
drivers/cpufreq/cpufreq_ondemand.c:409: error: 'sampling_rate_min' undeclared here (not in a function)
drivers/cpufreq/cpufreq_ondemand.c:410: error: 'sampling_rate' undeclared here (not in a function)
drivers/cpufreq/cpufreq_ondemand.c:411: error: 'up_threshold' undeclared here (not in a function)
drivers/cpufreq/cpufreq_ondemand.c:412: error: 'ignore_nice_load' undeclared here (not in a function)
drivers/cpufreq/cpufreq_ondemand.c:413: error: 'powersave_bias' undeclared here (not in a function)
drivers/cpufreq/cpufreq_ondemand.c:414: error: 'io_is_busy' undeclared here (not in a function)
drivers/cpufreq/cpufreq_ondemand.c:438: error: data definition has no type or storage class
drivers/cpufreq/cpufreq_ondemand.c:438: error: type defaults to 'int' in declaration of 'cpufreq_freq_attr_rw_old'
drivers/cpufreq/cpufreq_ondemand.c:438: error: parameter names (without types) in function declaration
drivers/cpufreq/cpufreq_ondemand.c:439: error: data definition has no type or storage class
drivers/cpufreq/cpufreq_ondemand.c:439: error: type defaults to 'int' in declaration of 'cpufreq_freq_attr_rw_old'
drivers/cpufreq/cpufreq_ondemand.c:439: error: parameter names (without types) in function declaration
drivers/cpufreq/cpufreq_ondemand.c:440: error: data definition has no type or storage class
drivers/cpufreq/cpufreq_ondemand.c:440: error: type defaults to 'int' in declaration of 'cpufreq_freq_attr_rw_old'
drivers/cpufreq/cpufreq_ondemand.c:440: error: parameter names (without types) in function declaration
drivers/cpufreq/cpufreq_ondemand.c:441: error: data definition has no type or storage class
drivers/cpufreq/cpufreq_ondemand.c:441: error: type defaults to 'int' in declaration of 'cpufreq_freq_attr_rw_old'
drivers/cpufreq/cpufreq_ondemand.c:441: error: parameter names (without types) in function declaration
drivers/cpufreq/cpufreq_ondemand.c:444: error: 'sampling_rate_max_old' undeclared here (not in a function)
drivers/cpufreq/cpufreq_ondemand.c:444: error: request for member 'attr' in something not a structure or union
drivers/cpufreq/cpufreq_ondemand.c:444: error: initializer element is not constant
drivers/cpufreq/cpufreq_ondemand.c:444: error: (near initialization for 'dbs_attributes_old[0]')
drivers/cpufreq/cpufreq_ondemand.c:445: error: 'sampling_rate_min_old' undeclared here (not in a function)
drivers/cpufreq/cpufreq_ondemand.c:445: error: request for member 'attr' in something not a structure or union
drivers/cpufreq/cpufreq_ondemand.c:445: error: initializer element is not constant
drivers/cpufreq/cpufreq_ondemand.c:445: error: (near initialization for 'dbs_attributes_old[1]')
drivers/cpufreq/cpufreq_ondemand.c:446: error: 'sampling_rate_old' undeclared here (not in a function)
drivers/cpufreq/cpufreq_ondemand.c:446: error: request for member 'attr' in something not a structure or union
drivers/cpufreq/cpufreq_ondemand.c:446: error: initializer element is not constant
drivers/cpufreq/cpufreq_ondemand.c:446: error: (near initialization for 'dbs_attributes_old[2]')
drivers/cpufreq/cpufreq_ondemand.c:447: error: 'up_threshold_old' undeclared here (not in a function)
drivers/cpufreq/cpufreq_ondemand.c:447: error: request for member 'attr' in something not a structure or union
drivers/cpufreq/cpufreq_ondemand.c:447: error: initializer element is not constant
drivers/cpufreq/cpufreq_ondemand.c:447: error: (near initialization for 'dbs_attributes_old[3]')
drivers/cpufreq/cpufreq_ondemand.c:448: error: 'ignore_nice_load_old' undeclared here (not in a function)
drivers/cpufreq/cpufreq_ondemand.c:448: error: request for member 'attr' in something not a structure or union
drivers/cpufreq/cpufreq_ondemand.c:448: error: initializer element is not constant
drivers/cpufreq/cpufreq_ondemand.c:448: error: (near initialization for 'dbs_attributes_old[4]')
drivers/cpufreq/cpufreq_ondemand.c:449: error: 'powersave_bias_old' undeclared here (not in a function)
drivers/cpufreq/cpufreq_ondemand.c:449: error: request for member 'attr' in something not a structure or union
drivers/cpufreq/cpufreq_ondemand.c:449: error: initializer element is not constant
drivers/cpufreq/cpufreq_ondemand.c:449: error: (near initialization for 'dbs_attributes_old[5]')
make[2]: *** [drivers/cpufreq/cpufreq_ondemand.o] Error 1
make[1]: *** [drivers/cpufreq] Error 2
make: *** [drivers] Error 2
